[    0.000000] Linux version 4.15.0-194-generic (buildd@lcy02-amd64-052) (gcc version 7.5.0 (Ubuntu 7.5.0-3ubuntu1~18.04)) #205-Ubuntu SMP Fri Sep 16 19:49:27 UTC 2022 (Ubuntu 4.15.0-194.205-generic 4.15.18)
[    0.000000] Command line: BOOT_IMAGE=/boot/vmlinuz-4.15.0-194-generic root=LABEL=cloudimg-rootfs ro console=tty1 console=ttyS0
[    0.000000] KERNEL supported cpus:
[    0.000000]   Intel GenuineIntel
[    0.000000]   AMD AuthenticAMD
[    0.000000]   Centaur CentaurHauls
[    0.000000] x86/fpu: x87 FPU will use FXSAVE
[    0.000000] e820: BIOS-provided physical RAM map:
[    0.000000] BIOS-e820: [mem 0x0000000000000000-0x000000000009fbff] usable
[    0.000000] BIOS-e820: [mem 0x000000000009fc00-0x000000000009ffff] reserved
[    0.000000] BIOS-e820: [mem 0x00000000000f0000-0x00000000000fffff] reserved
[    0.000000] BIOS-e820: [mem 0x0000000000100000-0x000000003ffeffff] usable
[    0.000000] BIOS-e820: [mem 0x000000003fff0000-0x000000003fffffff] ACPI data
[    0.000000] BIOS-e820: [mem 0x00000000fec00000-0x00000000fec00fff] reserved
[    0.000000] BIOS-e820: [mem 0x00000000fee00000-0x00000000fee00fff] reserved
[    0.000000] BIOS-e820: [mem 0x00000000fffc0000-0x00000000ffffffff] reserved
[    0.000000] NX (Execute Disable) protection: active
[    0.000000] SMBIOS 2.5 present.
[    0.000000] DMI: innotek GmbH VirtualBox/VirtualBox, BIOS VirtualBox 12/01/2006
[    0.000000] Hypervisor detected: KVM
[    0.000000] e820: last_pfn = 0x3fff0 max_arch_pfn = 0x400000000
[    0.000000] MTRR: Disabled
[    0.000000] x86/PAT: MTRRs disabled, skipping PAT initialization too.
[    0.000000] CPU MTRRs all blank - virtualized system.
[    0.000000] x86/PAT: Configuration [0-7]: WB  WT  UC- UC  WB  WT  UC- UC  
[    0.000000] found SMP MP-table at [mem 0x0009fff0-0x0009ffff]
[    0.000000] Scanning 1 areas for low memory corruption
[    0.000000] RAMDISK: [mem 0x359cb000-0x36cdcfff]
[    0.000000] ACPI: Early table checksum verification disabled
[    0.000000] ACPI: RSDP 0x00000000000E0000 000024 (v02 VBOX  )
[    0.000000] ACPI: XSDT 0x000000003FFF0030 00003C (v01 VBOX   VBOXXSDT 00000001 ASL  00000061)
[    0.000000] ACPI: FACP 0x000000003FFF00F0 0000F4 (v04 VBOX   VBOXFACP 00000001 ASL  00000061)
[    0.000000] ACPI: DSDT 0x000000003FFF0610 002353 (v02 VBOX   VBOXBIOS 00000002 INTL 20100528)
[    0.000000] ACPI: FACS 0x000000003FFF0200 000040
[    0.000000] ACPI: FACS 0x000000003FFF0200 000040
[    0.000000] ACPI: APIC 0x000000003FFF0240 00005C (v02 VBOX   VBOXAPIC 00000001 ASL  00000061)
[    0.000000] ACPI: SSDT 0x000000003FFF02A0 00036C (v01 VBOX   VBOXCPUT 00000002 INTL 20100528)
[    0.000000] ACPI: Reserving FACP table memory at [mem 0x3fff00f0-0x3fff01e3]
[    0.000000] ACPI: Reserving DSDT table memory at [mem 0x3fff0610-0x3fff2962]
[    0.000000] ACPI: Reserving FACS table memory at [mem 0x3fff0200-0x3fff023f]
[    0.000000] ACPI: Reserving FACS table memory at [mem 0x3fff0200-0x3fff023f]
[    0.000000] ACPI: Reserving APIC table memory at [mem 0x3fff0240-0x3fff029b]
[    0.000000] ACPI: Reserving SSDT table memory at [mem 0x3fff02a0-0x3fff060b]
[    0.000000] No NUMA configuration found
[    0.000000] Faking a node at [mem 0x0000000000000000-0x000000003ffeffff]
[    0.000000] NODE_DATA(0) allocated [mem 0x3ffc5000-0x3ffeffff]
[    0.000000] kvm-clock: cpu 0, msr 0:3ff44001, primary cpu clock
[    0.000000] kvm-clock: Using msrs 4b564d01 and 4b564d00
[    0.000000] kvm-clock: using sched offset of 4423230799 cycles
[    0.000000] clocksource: kvm-clock: mask: 0xffffffffffffffff max_cycles: 0x1cd42e4dffb, max_idle_ns: 881590591483 ns
[    0.000000] Zone ranges:
[    0.000000]   DMA      [mem 0x0000000000001000-0x0000000000ffffff]
[    0.000000]   DMA32    [mem 0x0000000001000000-0x000000003ffeffff]
[    0.000000]   Normal   empty
[    0.000000]   Device   empty
[    0.000000] Movable zone start for each node
[    0.000000] Early memory node ranges
[    0.000000]   node   0: [mem 0x0000000000001000-0x000000000009efff]
[    0.000000]   node   0: [mem 0x0000000000100000-0x000000003ffeffff]
[    0.000000] Reserved but unavailable: 104 pages
[    0.000000] Initmem setup node 0 [mem 0x0000000000001000-0x000000003ffeffff]
[    0.000000] ACPI: PM-Timer IO Port: 0x4008
[    0.000000] IOAPIC[0]: apic_id 2, version 32, address 0xfec00000, GSI 0-23
[    0.000000] ACPI: INT_SRC_OVR (bus 0 bus_irq 0 global_irq 2 dfl dfl)
[    0.000000] ACPI: INT_SRC_OVR (bus 0 bus_irq 9 global_irq 9 low level)
[    0.000000] Using ACPI (MADT) for SMP configuration information
[    0.000000] smpboot: Allowing 2 CPUs, 0 hotplug CPUs
[    0.000000] PM: Registered nosave memory: [mem 0x00000000-0x00000fff]
[    0.000000] PM: Registered nosave memory: [mem 0x0009f000-0x0009ffff]
[    0.000000] PM: Registered nosave memory: [mem 0x000a0000-0x000effff]
[    0.000000] PM: Registered nosave memory: [mem 0x000f0000-0x000fffff]
[    0.000000] e820: [mem 0x40000000-0xfebfffff] available for PCI devices
[    0.000000] Booting paravirtualized kernel on KVM
[    0.000000] clocksource: refined-jiffies: mask: 0xffffffff max_cycles: 0xffffffff, max_idle_ns: 7645519600211568 ns
[    0.000000] setup_percpu: NR_CPUS:8192 nr_cpumask_bits:2 nr_cpu_ids:2 nr_node_ids:1
[    0.000000] percpu: Embedded 50 pages/cpu s167936 r8192 d28672 u1048576
[    0.000000] PV qspinlock hash table entries: 256 (order: 0, 4096 bytes)
[    0.000000] Built 1 zonelists, mobility grouping on.  Total pages: 257913
[    0.000000] Policy zone: DMA32
[    0.000000] Kernel command line: BOOT_IMAGE=/boot/vmlinuz-4.15.0-194-generic root=LABEL=cloudimg-rootfs ro console=tty1 console=ttyS0
[    0.000000] Memory: 982652K/1048120K available (12300K kernel code, 2477K rwdata, 4320K rodata, 2472K init, 2720K bss, 65468K reserved, 0K cma-reserved)
[    0.000000] SLUB: HWalign=64, Order=0-3, MinObjects=0, CPUs=2, Nodes=1
[    0.000000] Kernel/User page tables isolation: enabled
[    0.000000] ftrace: allocating 39477 entries in 155 pages
[    0.004000] Hierarchical RCU implementation.
[    0.004000] 	RCU restricting CPUs from NR_CPUS=8192 to nr_cpu_ids=2.
[    0.004000] 	Tasks RCU enabled.
[    0.004000] RCU: Adjusting geometry for rcu_fanout_leaf=16, nr_cpu_ids=2
[    0.004000] NR_IRQS: 524544, nr_irqs: 440, preallocated irqs: 16
[    0.004000] random: crng init done
[    0.004000] Console: colour VGA+ 80x25
[    0.004000] console [tty1] enabled
[    0.004000] console [ttyS0] enabled
[    0.004000] ACPI: Core revision 20170831
[    0.004000] ACPI: 2 ACPI AML tables successfully acquired and loaded
[    0.004000] APIC: Switch to symmetric I/O mode setup
[    0.004000] ..TIMER: vector=0x30 apic1=0 pin1=2 apic2=-1 pin2=-1
[    0.004000] tsc: Detected 2593.992 MHz processor
[    0.004013] Calibrating delay loop (skipped) preset value.. 5187.98 BogoMIPS (lpj=10375968)
[    0.008005] pid_max: default: 32768 minimum: 301
[    0.012089] Security Framework initialized
[    0.016004] Yama: becoming mindful.
[    0.020103] AppArmor: AppArmor initialized
[    0.033398] Dentry cache hash table entries: 131072 (order: 8, 1048576 bytes)
[    0.041525] Inode-cache hash table entries: 65536 (order: 7, 524288 bytes)
[    0.044091] Mount-cache hash table entries: 2048 (order: 2, 16384 bytes)
[    0.048079] Mountpoint-cache hash table entries: 2048 (order: 2, 16384 bytes)
[    0.053951] Last level iTLB entries: 4KB 1024, 2MB 1024, 4MB 1024
[    0.056003] Last level dTLB entries: 4KB 1024, 2MB 1024, 4MB 1024, 1GB 4
[    0.060005] Spectre V1 : Mitigation: usercopy/swapgs barriers and __user pointer sanitization
[    0.064003] Spectre V2 : Mitigation: Retpolines
[    0.068003] Spectre V2 : Spectre v2 / SpectreRSB mitigation: Filling RSB on context switch
[    0.072003] Speculative Store Bypass: Vulnerable
[    0.076050] MDS: Mitigation: Clear CPU buffers
[    0.080006] SRBDS: Unknown: Dependent on hypervisor status
[    0.084195] Freeing SMP alternatives memory: 36K
[    0.200898] smpboot: CPU0: Intel(R) Core(TM) i7-4510U CPU @ 2.00GHz (family: 0x6, model: 0x45, stepping: 0x1)
[    0.204722] Performance Events: unsupported p6 CPU model 69 no PMU driver, software events only.
[    0.208154] Hierarchical SRCU implementation.
[    0.213193] NMI watchdog: Perf event create on CPU 0 failed with -2
[    0.216004] NMI watchdog: Perf NMI watchdog permanently disabled
[    0.221079] smp: Bringing up secondary CPUs ...
[    0.229528] x86: Booting SMP configuration:
[    0.232011] .... node  #0, CPUs:      #1
[    0.004000] kvm-clock: cpu 1, msr 0:3ff44041, secondary cpu clock
[    0.254163] TSC synchronization [CPU#0 -> CPU#1]:
[    0.256000] Measured 111977 cycles TSC warp between CPUs, turning off TSC clock.
[    0.256000] tsc: Marking TSC unstable due to check_tsc_sync_source failed
[    0.264485] smp: Brought up 1 node, 2 CPUs
[    0.268013] smpboot: Max logical packages: 1
[    0.272010] smpboot: Total of 2 processors activated (10375.96 BogoMIPS)
[    0.280966] devtmpfs: initialized
[    0.284149] x86/mm: Memory block size: 128MB
[    0.288644] evm: security.selinux
[    0.292005] evm: security.SMACK64
[    0.296005] evm: security.SMACK64EXEC
[    0.300005] evm: security.SMACK64TRANSMUTE
[    0.304006] evm: security.SMACK64MMAP
[    0.308008] evm: security.apparmor
[    0.312007] evm: security.ima
[    0.316004] evm: security.capability
[    0.320543] clocksource: jiffies: mask: 0xffffffff max_cycles: 0xffffffff, max_idle_ns: 7645041785100000 ns
[    0.328017] futex hash table entries: 512 (order: 3, 32768 bytes)
[    0.332561] pinctrl core: initialized pinctrl subsystem
[    0.336816] RTC time: 15:22:32, date: 11/04/22
[    0.341634] NET: Registered protocol family 16
[    0.344206] audit: initializing netlink subsys (disabled)
[    0.352099] audit: type=2000 audit(1667575356.618:1): state=initialized audit_enabled=0 res=1
[    0.372015] cpuidle: using governor ladder
[    0.376016] cpuidle: using governor menu
[    0.380061] ACPI: bus type PCI registered
[    0.384009] acpiphp: ACPI Hot Plug PCI Controller Driver version: 0.5
[    0.388762] PCI: Using configuration type 1 for base access
[    0.400740] HugeTLB registered 2.00 MiB page size, pre-allocated 0 pages
[    0.412023] ACPI: Added _OSI(Module Device)
[    0.416004] ACPI: Added _OSI(Processor Device)
[    0.420004] ACPI: Added _OSI(3.0 _SCP Extensions)
[    0.424004] ACPI: Added _OSI(Processor Aggregator Device)
[    0.428013] ACPI: Added _OSI(Linux-Dell-Video)
[    0.432008] ACPI: Added _OSI(Linux-Lenovo-NV-HDMI-Audio)
[    0.436007] ACPI: Added _OSI(Linux-HPI-Hybrid-Graphics)
[    0.444176] ACPI: Executed 1 blocks of module-level executable AML code
[    0.456414] ACPI: Interpreter enabled
[    0.460017] ACPI: (supports S0 S5)
[    0.464005] ACPI: Using IOAPIC for interrupt routing
[    0.468578] PCI: Using host bridge windows from ACPI; if necessary, use "pci=nocrs" and report a bug
[    0.472350] ACPI: Enabled 2 GPEs in block 00 to 07
[    0.493215] ACPI: PCI Root Bridge [PCI0] (domain 0000 [bus 00-ff])
[    0.496015] acpi PNP0A03:00: _OSC: OS supports [ASPM ClockPM Segments MSI]
[    0.505612] acpi PNP0A03:00: _OSC: not requesting OS control; OS requires [ExtendedConfig ASPM ClockPM MSI]
[    0.508019] acpi PNP0A03:00: fail to add MMCONFIG information, can't access extended PCI configuration space under this bridge.
[    0.513418] PCI host bridge to bus 0000:00
[    0.516010] pci_bus 0000:00: root bus resource [io  0x0000-0x0cf7 window]
[    0.520013] pci_bus 0000:00: root bus resource [io  0x0d00-0xffff window]
[    0.524011] pci_bus 0000:00: root bus resource [mem 0x000a0000-0x000bffff window]
[    0.528010] pci_bus 0000:00: root bus resource [mem 0x40000000-0xfdffffff window]
[    0.532009] pci_bus 0000:00: root bus resource [bus 00-ff]
[    0.548522] pci 0000:00:01.1: legacy IDE quirk: reg 0x10: [io  0x01f0-0x01f7]
[    0.552008] pci 0000:00:01.1: legacy IDE quirk: reg 0x14: [io  0x03f6]
[    0.556011] pci 0000:00:01.1: legacy IDE quirk: reg 0x18: [io  0x0170-0x0177]
[    0.560009] pci 0000:00:01.1: legacy IDE quirk: reg 0x1c: [io  0x0376]
[    0.604165] pci 0000:00:07.0: quirk: [io  0x4000-0x403f] claimed by PIIX4 ACPI
[    0.608083] pci 0000:00:07.0: quirk: [io  0x4100-0x410f] claimed by PIIX4 SMB
[    0.630443] ACPI: PCI Interrupt Link [LNKA] (IRQs 5 9 10 *11)
[    0.633249] ACPI: PCI Interrupt Link [LNKB] (IRQs 5 9 *10 11)
[    0.636518] ACPI: PCI Interrupt Link [LNKC] (IRQs 5 *9 10 11)
[    0.640341] ACPI: PCI Interrupt Link [LNKD] (IRQs 5 9 10 *11)
[    0.645404] SCSI subsystem initialized
[    0.652400] pci 0000:00:02.0: vgaarb: setting as boot VGA device
[    0.656000] pci 0000:00:02.0: vgaarb: VGA device added: decodes=io+mem,owns=io+mem,locks=none
[    0.656016] pci 0000:00:02.0: vgaarb: bridge control possible
[    0.660010] vgaarb: loaded
[    0.664128] ACPI: bus type USB registered
[    0.668098] usbcore: registered new interface driver usbfs
[    0.672039] usbcore: registered new interface driver hub
[    0.676041] usbcore: registered new device driver usb
[    0.680608] EDAC MC: Ver: 3.0.0
[    0.688280] PCI: Using ACPI for IRQ routing
[    0.693215] NetLabel: Initializing
[    0.696012] NetLabel:  domain hash size = 128
[    0.700009] NetLabel:  protocols = UNLABELED CIPSOv4 CALIPSO
[    0.704030] NetLabel:  unlabeled traffic allowed by default
[    0.708368] clocksource: Switched to clocksource kvm-clock
[    0.747435] VFS: Disk quotas dquot_6.6.0
[    0.747435] VFS: Dquot-cache hash table entries: 512 (order 0, 4096 bytes)
[    0.747435] AppArmor: AppArmor Filesystem Enabled
[    0.747435] pnp: PnP ACPI init
[    0.747435] pnp: PnP ACPI: found 3 devices
[    0.897747] clocksource: acpi_pm: mask: 0xffffff max_cycles: 0xffffff, max_idle_ns: 2085701024 ns
[    0.900630] NET: Registered protocol family 2
[    0.900630] IP idents hash table entries: 16384 (order: 5, 131072 bytes)
[    0.932021] TCP established hash table entries: 8192 (order: 4, 65536 bytes)
[    0.944621] TCP bind hash table entries: 8192 (order: 5, 131072 bytes)
[    0.955399] TCP: Hash tables configured (established 8192 bind 8192)
[    0.958665] UDP hash table entries: 512 (order: 2, 16384 bytes)
[    0.958665] UDP-Lite hash table entries: 512 (order: 2, 16384 bytes)
[    0.958665] NET: Registered protocol family 1
[    0.958665] pci 0000:00:00.0: Limiting direct PCI/PCI transfers
[    1.005065] pci 0000:00:01.0: Activating ISA DMA hang workarounds
[    1.015899] pci 0000:00:02.0: Video device with shadowed ROM at [mem 0x000c0000-0x000dffff]
[    1.030653] Unpacking initramfs...
[    1.773299] Freeing initrd memory: 19528K
[    1.780321] clocksource: tsc: mask: 0xffffffffffffffff max_cycles: 0x25641074d3b, max_idle_ns: 440795244898 ns
[    1.796796] platform rtc_cmos: registered platform RTC device (no PNP device found)
[    1.808079] Scanning for low memory corruption every 60 seconds
[    1.820657] Initialise system trusted keyrings
[    1.828508] Key type blacklist registered
[    1.836557] workingset: timestamp_bits=36 max_order=18 bucket_order=0
[    1.849993] zbud: loaded
[    1.856323] squashfs: version 4.0 (2009/01/31) Phillip Lougher
[    1.867836] fuse init (API version 7.26)
[    1.925498] Key type asymmetric registered
[    1.932913] Asymmetric key parser 'x509' registered
[    1.941647] Block layer SCSI generic (bsg) driver version 0.4 loaded (major 246)
[    1.954757] io scheduler noop registered
[    1.962595] io scheduler deadline registered
[    1.969875] io scheduler cfq registered (default)
[    1.979565] ACPI: AC Adapter [AC] (on-line)
[    1.986219] input: Power Button as /devices/LNXSYSTM:00/LNXPWRBN:00/input/input0
[    1.997700] ACPI: Power Button [PWRF]
[    2.004618] input: Sleep Button as /devices/LNXSYSTM:00/LNXSLPBN:00/input/input1
[    2.017313] ACPI: Sleep Button [SLPF]
[    2.026795] Serial: 8250/16550 driver, 32 ports, IRQ sharing enabled
[    2.077144] 00:02: ttyS0 at I/O 0x3f8 (irq = 4, base_baud = 115200) is a 16550A
[    2.096579] Linux agpgart interface v0.103
[    2.110798] loop: module loaded
[    2.126107] scsi host0: ata_piix
[    2.134425] scsi host1: ata_piix
[    2.141050] ata1: PATA max UDMA/33 cmd 0x1f0 ctl 0x3f6 bmdma 0xd000 irq 14
[    2.153955] ata2: PATA max UDMA/33 cmd 0x170 ctl 0x376 bmdma 0xd008 irq 15
[    2.166736] tun: Universal TUN/TAP device driver, 1.6
[    2.178639] PPP generic driver version 2.4.2
[    2.185996] ehci_hcd: USB 2.0 'Enhanced' Host Controller (EHCI) Driver
[    2.197198] ehci-pci: EHCI PCI platform driver
[    2.205297] ehci-platform: EHCI generic platform driver
[    2.214352] ohci_hcd: USB 1.1 'Open' Host Controller (OHCI) Driver
[    2.224827] ohci-pci: OHCI PCI platform driver
[    2.233258] ohci-platform: OHCI generic platform driver
[    2.244644] uhci_hcd: USB Universal Host Controller Interface driver
[    2.255531] i8042: PNP: PS/2 Controller [PNP0303:PS2K,PNP0f03:PS2M] at 0x60,0x64 irq 1,12
[    2.276634] serio: i8042 KBD port at 0x60,0x64 irq 1
[    2.285872] serio: i8042 AUX port at 0x60,0x64 irq 12
[    2.297696] mousedev: PS/2 mouse device common for all mice
[    2.314079] rtc_cmos rtc_cmos: rtc core: registered rtc_cmos as rtc0
[    2.326295] rtc_cmos rtc_cmos: alarms up to one day, 114 bytes nvram
[    2.339376] input: AT Translated Set 2 keyboard as /devices/platform/i8042/serio0/input/input2
[    2.355131] i2c /dev entries driver
[    2.361630] device-mapper: uevent: version 1.0.3
[    2.369932] device-mapper: ioctl: 4.37.0-ioctl (2017-09-20) initialised: dm-devel@redhat.com
[    2.423522] ledtrig-cpu: registered to indicate activity on CPUs
[    2.439963] NET: Registered protocol family 10
[    2.466529] Segment Routing with IPv6
[    2.473998] NET: Registered protocol family 17
[    2.483084] Key type dns_resolver registered
[    2.491929] mce: Using 0 MCE banks
[    2.498290] RAS: Correctable Errors collector initialized.
[    2.507628] sched_clock: Marking stable (2507551901, 0)->(4072002988, -1564451087)
[    2.528744] registered taskstats version 1
[    2.535668] Loading compiled-in X.509 certificates
[    2.553987] Loaded X.509 cert 'Build time autogenerated kernel key: 6303a3b02fa1c7713b8a75ba7ba622fabd5dd271'
[    2.571416] Loaded X.509 cert 'Canonical Ltd. Live Patch Signing: 14df34d1a87cf37625abec039ef2bf521249b969'
[    2.591896] Loaded X.509 cert 'Canonical Ltd. Kernel Module Signing: 88f752e560a1e0737e31163a466ad7b70a850c19'
[    2.616661] blacklist: Loading compiled-in revocation X.509 certificates
[    2.627694] Loaded X.509 cert 'Canonical Ltd. Secure Boot Signing: 61482aa2830d0ab2ad5af10b7250da9033ddcef0'
[    2.643939] zswap: loaded using pool lzo/zbud
[    2.666315] Key type big_key registered
[    2.673057] Key type trusted registered
[    2.685446] Key type encrypted registered
[    2.691257] AppArmor: AppArmor sha1 policy hashing enabled
[    2.699405] ima: No TPM chip found, activating TPM-bypass! (rc=-19)
[    2.708960] ima: Allocated hash algorithm: sha1
[    2.715436] evm: HMAC attrs: 0x1
[    2.721301]   Magic number: 14:743:385
[    2.728043] thermal cooling_device0: hash matches
[    2.736683] rtc_cmos rtc_cmos: setting system clock to 2022-11-04 15:22:34 UTC (1667575354)
[    2.750063] BIOS EDD facility v0.16 2004-Jun-25, 0 devices found
[    2.758791] EDD information not available.
[    2.770937] Freeing unused kernel image memory: 2472K
[    2.792874] Write protecting the kernel read-only data: 20480k
[    2.803528] Freeing unused kernel image memory: 2008K
[    2.811918] Freeing unused kernel image memory: 1824K
[    2.827038] x86/mm: Checked W+X mappings: passed, no W+X pages found.
[    2.836080] x86/mm: Checking user space page tables
[    2.851596] x86/mm: Checked W+X mappings: passed, no W+X pages found.
Loading, please wait...
starting version 237
[    3.012694] e1000: Intel(R) PRO/1000 Network Driver - version 7.3.21-k8-NAPI
[    3.024358] e1000: Copyright (c) 1999-2006 Intel Corporation.
[    3.042482] Fusion MPT base driver 3.04.20
[    3.049789] Copyright (c) 1999-2008 LSI Corporation
[    3.102331] SSE version of gcm_enc/dec engaged.
[    3.155109] Fusion MPT SPI Host driver 3.04.20
[    3.361340] input: ImExPS/2 Generic Explorer Mouse as /devices/platform/i8042/serio1/input/input4
[    4.001086] e1000 0000:00:03.0 eth0: (PCI:33MHz:32-bit) 02:d4:40:b8:a4:a0
[    4.010883] e1000 0000:00:03.0 eth0: Intel(R) PRO/1000 Network Connection
[    4.023695] mptbase: ioc0: Initiating bringup
[    4.025819] e1000 0000:00:03.0 enp0s3: renamed from eth0
[    4.154576] ioc0: LSI53C1030 A0: Capabilities={Initiator}
[    5.018314] scsi host2: ioc0: LSI53C1030 A0, FwRev=00000000h, Ports=1, MaxQ=256, IRQ=20
[    5.276295] scsi 2:0:0:0: Direct-Access     VBOX     HARDDISK         1.0  PQ: 0 ANSI: 5
[    5.320718] scsi target2:0:0: Beginning Domain Validation
[    5.341651] scsi target2:0:0: Domain Validation skipping write tests
[    5.350616] scsi target2:0:0: Ending Domain Validation
[    5.358488] scsi target2:0:0: asynchronous
[    5.368440] scsi 2:0:1:0: Direct-Access     VBOX     HARDDISK         1.0  PQ: 0 ANSI: 5
[    5.413106] scsi target2:0:1: Beginning Domain Validation
[    5.433641] scsi target2:0:1: Domain Validation skipping write tests
[    5.443183] scsi target2:0:1: Ending Domain Validation
[    5.452187] scsi target2:0:1: asynchronous
[    5.481018] sd 2:0:0:0: Attached scsi generic sg0 type 0
[    5.491347] sd 2:0:0:0: [sda] 83886080 512-byte logical blocks: (42.9 GB/40.0 GiB)
[    5.491435] sd 2:0:1:0: Attached scsi generic sg1 type 0
[    5.511249] sd 2:0:0:0: [sda] Write Protect is off
[    5.520163] sd 2:0:1:0: [sdb] 20480 512-byte logical blocks: (10.5 MB/10.0 MiB)
[    5.524813] sd 2:0:0:0: [sda] Incomplete mode parameter data
[    5.539279] sd 2:0:0:0: [sda] Assuming drive cache: write through
[    5.548448] sd 2:0:1:0: [sdb] Write Protect is off
[    5.555272]  sda: sda1
[    5.563071] sd 2:0:1:0: [sdb] Incomplete mode parameter data
[    5.566621] sd 2:0:0:0: [sda] Attached SCSI disk
[    5.573235] sd 2:0:1:0: [sdb] Assuming drive cache: write through
[    5.606538] sd 2:0:1:0: [sdb] Attached SCSI disk
Begin: Loading essential drivers ... [    8.296076] raid6: sse2x1   gen()  7643 MB/s
[    8.348714] raid6: sse2x1   xor()  5882 MB/s
[    8.400922] raid6: sse2x2   gen()  9628 MB/s
[    8.452325] raid6: sse2x2   xor()  6138 MB/s
[    8.504154] raid6: sse2x4   gen() 11924 MB/s
[    8.556747] raid6: sse2x4   xor()  6873 MB/s
[    8.562693] raid6: using algorithm sse2x4 gen() 11924 MB/s
[    8.569904] raid6: .... xor() 6873 MB/s, rmw enabled
[    8.576766] raid6: using ssse3x2 recovery algorithm
[    8.587145] xor: measuring software checksum speed
[    8.632225]    prefetch64-sse: 15991.000 MB/sec
[    8.676270]    generic_sse: 18645.000 MB/sec
[    8.682863] xor: using function: generic_sse (18645.000 MB/sec)
[    8.695440] async_tx: api initialized (async)
done.
Begin: Running /scripts/init-premount ... done.
Begin: Mounting root file system ... Begin: Running /scripts/local-top ... done.
Begin: Running /scripts/local-premount ... [    8.788712] Btrfs loaded, crc32c=crc32c-intel
Scanning for Btrfs filesystems
done.
Warning: fsck not present, so skipping root file system
[    8.879420] EXT4-fs (sda1): mounted filesystem with ordered data mode. Opts: (null)
done.
Begin: Running /scripts/local-bottom ... done.
Begin: Running /scripts/init-bottom ... done.
[    9.244377] ip_tables: (C) 2000-2006 Netfilter Core Team
[    9.272999] systemd[1]: systemd 237 running in system mode. (+PAM +AUDIT +SELINUX +IMA +APPARMOR +SMACK +SYSVINIT +UTMP +LIBCRYPTSETUP +GCRYPT +GNUTLS +ACL +XZ +LZ4 +SECCOMP +BLKID +ELFUTILS +KMOD -IDN2 +IDN -PCRE2 default-hierarchy=hybrid)
[    9.300086] systemd[1]: Detected virtualization oracle.
[    9.308626] systemd[1]: Detected architecture x86-64.

Welcome to [1mUbuntu 18.04.6 LTS[0m!

[    9.365839] systemd[1]: Set hostname to <ubuntu>.
[    9.384454] systemd[1]: Initializing machine ID from random generator.
[    9.393475] systemd[1]: Installed transient /etc/machine-id file.
[    9.966691] systemd[1]: Set up automount Arbitrary Executable File Formats File System Automount Point.
[[0;32m  OK  [0m] Set up automount Arbitrary Executab…rmats File System Automount Point.
[   10.002397] systemd[1]: Created slice User and Session Slice.
[[0;32m  OK  [0m] Created slice User and Session Slice.
[   10.018588] systemd[1]: Reached target Swap.
[[0;32m  OK  [0m] Reached target Swap.
[   10.030936] systemd[1]: Reached target System Time Synchronized.
[[0;32m  OK  [0m] Reached target System Time Synchronized.
[[0;32m  OK  [0m] Started Forward Password Requests to Wall Directory Watch.
[[0;32m  OK  [0m] Created slice System Slice.
[[0;32m  OK  [0m] Listening on Journal Socket (/dev/log).
[[0;32m  OK  [0m] Listening on Journal Socket.
[[0;32m  OK  [0m] Listening on Device-mapper event daemon FIFOs.
         Mounting Huge Pages File System...
[[0;32m  OK  [0m] Listening on /dev/initctl Compatibility Named Pipe.
[[0;32m  OK  [0m] Listening on Syslog Socket.
         Starting Set the console keyboard layout...
[[0;32m  OK  [0m] Listening on udev Control Socket.
         Starting Uncomplicated firewall...
[[0;32m  OK  [0m] Listening on fsck to fsckd communication Socket.
[[0;32m  OK  [0m] Created slice system-serial\x2dgetty.slice.
         Starting File System Check on Root Device...
[[0;32m  OK  [0m] Listening on udev Kernel Socket.
[[0;32m  OK  [0m] Reached target Slices.
         Starting Load Kernel Modules...
[[0;32m  OK  [0m] Listening on Journal Audit Socket.
         Starting Journal Service...
         Starting Create list of required st…ce nodes for the current kernel...
[[0;32m  OK  [0m] Listening on LVM2 metadata daemon socket.
[   10.274815] Loading iSCSI transport class v2.0-870.
         Starting Monitoring of LVM2 mirrors…ng dmeventd or progress polling...
         Starting udev Coldplug all Devices...
         Mounting POSIX Message Queue File System...
[[0;32m  OK  [0m] Listening on LVM2 poll daemon socket.
         Mounting Kernel Debug File System...
[[0;32m  OK  [0m] Listening on Network Service Netlink Socket.
[[0;32m  OK  [0m] Reached target User and Group Name Lookups.
[[0;32m  OK  [0m] Mounted Huge Pages File System.
[[0;32m  OK  [0m] Started Uncomplicated firewall.
[[0;32m  OK  [0m] Started File System Check on Root Device.
[[0;32m  OK  [0m] Started Create list of required sta…vice nodes for the current kernel.
[[0;32m  OK  [0m] Mounted POSIX Message Queue File System.[   10.437951] iscsi: registered transport (tcp)

[[0;32m  OK  [0m] Mounted Kernel Debug File System.
[[0;32m  OK  [0m] Started LVM2 metadata daemon.
[[0;32m  OK  [0m] Started File System Check Daemon to report status.
         Starting Create Static Device Nodes in /dev...
         Starting Remount Root and Kernel File Systems...
[[0;32m  OK  [0m] Started Journal Service.
[[0;32m  OK  [0m] Started Set the console keyboard layout.
[[0;32m  OK  [0m] Started Create Static Device Nodes in /dev.
[[0;32m  OK  [0m] Started udev Coldplug all Devices.[   10.618778] EXT4-fs (sda1): re-mounted. Opts: (null)

[[0;32m  OK  [0m] Started Remount Root and Kernel File Systems.
         Starting udev Kernel Device Manager...[   10.660009] iscsi: registered transport (iser)

         Starting Flush Journal to Persistent Storage...
         Starting Load/Save Random Seed...
[[0;32m  OK  [0m] Started Load Kernel Modules.
[[0;32m  OK  [0m] Started Monitoring of LVM2 mirrors,…sing dmeventd or progress polling.
[[0;32m  OK  [0m] Reached target Local File Systems (Pre).
[[0;32m  OK  [0m] Reached target Local File Systems.
         Starting ebtables ruleset management...
         Starting Set console font and keymap...
         Starting AppArmor initialization...
         Starting Tell Plymouth To Write Out Runtime Data...
         Starting Commit a transient machine-id on disk...
         Starting Apply Kernel Variables...
         Mounting FUSE Control File System...
         Mounting Kernel Configuration File System...
[[0;32m  OK  [0m] Mounted FUSE Control File System.
[[0;32m  OK  [0m] Mounted Kernel Configuration File System.
[   10.789941] systemd-journald[411]: Received request to flush runtime journal from PID 1
[[0;32m  OK  [0m] Started Load/Save Random Seed.
[[0;32m  OK  [0m] Started Set console font and keymap.
[[0;32m  OK  [0m] Started Tell Plymouth To Write Out Runtime Data.
[[0;32m  OK  [0m] Started udev Kernel Device Manager.
[[0;32m  OK  [0m] Started Dispatch Password Requests to Console Directory Watch.
[[0;32m  OK  [0m] Reached target Local Encrypted Volumes.
[[0;32m  OK  [0m] Started Apply Kernel Variables.
[[0;32m  OK  [0m] Started Flush Journal to Persistent Storage.
         Starting Create Volatile Files and Directories...
[[0;32m  OK  [0m] Started Commit a transient machine-id on disk.
[[0;32m  OK  [0m] Started Create Volatile Files and Directories.
         Starting Update UTMP about System Boot/Shutdown...
[[0;32m  OK  [0m] Started ebtables ruleset management.
[[0;32m  OK  [0m] Started Update UTMP about System Boot/Shutdown.
[[0;32m  OK  [0m] Found device /dev/ttyS0.
[[0;32m  OK  [0m] Listening on Load/Save RF Kill Switch Status /dev/rfkill Watch.
[[0;32m  OK  [0m] Started AppArmor initialization.
         Mounting Arbitrary Executable File Formats File System...
         Starting Load AppArmor profiles managed internally by snapd...
         Starting Initial cloud-init job (pre-networking)...
[[0;32m  OK  [0m] Mounted Arbitrary Executable File Formats File System.
[[0;32m  OK  [0m] Started Load AppArmor profiles managed internally by snapd.
[   15.291910] cloud-init[544]: Cloud-init v. 22.3.4-0ubuntu1~18.04.1 running 'init-local' at Fri, 04 Nov 2022 15:22:46 +0000. Up 14.73 seconds.
[[0;32m  OK  [0m] Started Initial cloud-init job (pre-networking).
[[0;32m  OK  [0m] Reached target Network (Pre).
         Starting Network Service...
[[0;32m  OK  [0m] Started Network Service.
         Starting Wait for Network to be Configured...
         Starting Network Name Resolution...
[[0;32m  OK  [0m] Started Network Name Resolution.
[[0;32m  OK  [0m] Reached target Network.
[[0;32m  OK  [0m] Reached target Host and Network Name Lookups.
[[0;32m  OK  [0m] Started Wait for Network to be Configured.
         Starting Initial cloud-init job (metadata service crawler)...
[   17.856350] cloud-init[655]: Cloud-init v. 22.3.4-0ubuntu1~18.04.1 running 'init' at Fri, 04 Nov 2022 15:22:49 +0000. Up 17.62 seconds.
[   17.864594] cloud-init[655]: ci-info: ++++++++++++++++++++++++++++++++++++++Net device info++++++++++++++++++++++++++++++++++++++
[   17.872344] cloud-init[655]: ci-info: +--------+------+----------------------------+---------------+--------+-------------------+
[   17.880472] cloud-init[655]: ci-info: | Device |  Up  |          Address           |      Mask     | Scope  |     Hw-Address    |
[   17.887835] cloud-init[655]: ci-info: +--------+------+----------------------------+---------------+--------+-------------------+
[   17.895840] cloud-init[655]: ci-info: | enp0s3 | True |         10.0.2.15          | 255.255.255.0 | global | 02:d4:40:b8:a4:a0 |
[   17.903653] cloud-init[655]: ci-info: | enp0s3 | True | fe80::d4:40ff:feb8:a4a0/64 |       .       |  link  | 02:d4:40:b8:a4:a0 |
[   17.913744] cloud-init[655]: ci-info: |   lo   | True |         127.0.0.1          |   255.0.0.0   |  host  |         .         |
[   17.921690] cloud-init[655]: ci-info: |   lo   | True |          ::1/128           |       .       |  host  |         .         |
[   17.928818] cloud-init[655]: ci-info: +--------+------+----------------------------+---------------+--------+-------------------+
[   17.936048] cloud-init[655]: ci-info: ++++++++++++++++++++++++++++Route IPv4 info+++++++++++++++++++++++++++++
[   17.942866] cloud-init[655]: ci-info: +-------+-------------+----------+-----------------+-----------+-------+
[   17.950554] cloud-init[655]: ci-info: | Route | Destination | Gateway  |     Genmask     | Interface | Flags |
[   17.958145] cloud-init[655]: ci-info: +-------+-------------+----------+-----------------+-----------+-------+
[   17.964818] cloud-init[655]: ci-info: |   0   |   0.0.0.0   | 10.0.2.2 |     0.0.0.0     |   enp0s3  |   UG  |
[   17.971561] cloud-init[655]: ci-info: |   1   |   10.0.2.0  | 0.0.0.0  |  255.255.255.0  |   enp0s3  |   U   |
[   17.977573] cloud-init[655]: ci-info: |   2   |   10.0.2.2  | 0.0.0.0  | 255.255.255.255 |   enp0s3  |   UH  |
[   17.983302] cloud-init[655]: ci-info: +-------+-------------+----------+-----------------+-----------+-------+
[   17.989995] cloud-init[655]: ci-info: +++++++++++++++++++Route IPv6 info+++++++++++++++++++
[   17.994912] cloud-init[655]: ci-info: +-------+-------------+---------+-----------+-------+
[   17.999698] cloud-init[655]: ci-info: | Route | Destination | Gateway | Interface | Flags |
[   18.004847] cloud-init[655]: ci-info: +-------+-------------+---------+-----------+-------+
[   18.010333] cloud-init[655]: ci-info: |   1   |  fe80::/64  |    ::   |   enp0s3  |   U   |
[   18.014920] cloud-init[655]: ci-info: |   3   |    local    |    ::   |   enp0s3  |   U   |
[   18.019750] cloud-init[655]: ci-info: |   4   |   ff00::/8  |    ::   |   enp0s3  |   U   |
[   18.024671] cloud-init[655]: ci-info: +-------+-------------+---------+-----------+-------+
[   20.167547] cloud-init[655]: Generating public/private rsa key pair.
[   20.172784] cloud-init[655]: Your identification has been saved in /etc/ssh/ssh_host_rsa_key.
[   20.178419] cloud-init[655]: Your public key has been saved in /etc/ssh/ssh_host_rsa_key.pub.
[   20.183663] cloud-init[655]: The key fingerprint is:
[   20.186983] cloud-init[655]: SHA256:GrkAZWBdB4iHrkA5l3u92GcwWLPFmXBIEhtTnh3r+14 root@ubuntu-bionic
[   20.192954] cloud-init[655]: The key's randomart image is:
[   20.196684] cloud-init[655]: +---[RSA 2048]----+
[   20.200008] cloud-init[655]: |  +=+B*==oo      |
[   20.203428] cloud-init[655]: | =o=+ *=+=o      |
[   20.206621] cloud-init[655]: |..+...+o+o       |
[   20.209955] cloud-init[655]: |. .o o *.        |
[   20.212942] cloud-init[655]: |..  o = S.       |
[   20.215979] cloud-init[655]: |.    o * o.      |
[   20.219812] cloud-init[655]: |      o o.   E   |
[   20.223299] cloud-init[655]: |          . .    |
[   20.227482] cloud-init[655]: |          .o     |
[   20.234470] cloud-init[655]: +----[SHA256]-----+
[   20.238775] cloud-init[655]: Generating public/private dsa key pair.
[   20.247747] cloud-init[655]: Your identification has been saved in /etc/ssh/ssh_host_dsa_key.
[   20.259106] cloud-init[655]: Your public key has been saved in /etc/ssh/ssh_host_dsa_key.pub.
[   20.270593] cloud-init[655]: The key fingerprint is:
[   20.278954] cloud-init[655]: SHA256:EFxOtxQpXpSf6u09AcuFVUS/afSDwkeH2jwXIR3VpRU root@ubuntu-bionic
[   20.290272] cloud-init[655]: The key's randomart image is:
[   20.299814] cloud-init[655]: +---[DSA 1024]----+
[   20.309471] cloud-init[655]: |     ...o.=+ ..E&|
[   20.317471] cloud-init[655]: |      .+.o+.  +++|
[   20.325346] cloud-init[655]: |      ...o.. *.+.|
[   20.333940] cloud-init[655]: |       .. . X = =|
[   20.342319] cloud-init[655]: |        S  * X *.|[[0;32m  OK  [0m] Started Initial cloud-init job (metadata service crawler).
[[0;32m  OK  [0m] Reached target System Initialization.
[[0;32m  OK  [0m] Listening on cloud-init hotplug hook socket.
[[0;32m  OK  [0m] Listening on Open-iSCSI iscsid Socket.
[[0;32m  OK  [0m] Started Ubuntu Advantage Timer for running repeated jobs.
[[0;32m  OK  [0m] Started Discard unused blocks once a week.
[[0;32m  OK  [0m] Started Message of the Day.
         Starting Socket activation for snappy daemon.
[[0;32m  OK  [0m] Started Daily apt download activities.
[[0;32m  OK  [0m] Started Daily apt upgrade and clean activities.
[[0;32m  OK  [0m] Listening on ACPID Listen Socket.
[[0;32m  OK  [0m] Listening on UUID daemon activation socket.
[[0;32m  OK  [0m] Started Daily Cleanup of Temporary Directories.
[[0;32m  OK  [0m] Reached target Timers.
[[0;32m  OK  [0m] Listening on D-Bus System Message Bus Socket.

[[0;32m  OK  [0m] Started ACPI Events Check.
[[0;32m  OK  [0m] Reached target Paths.
[   20.405071] cloud-init         Starting LXD - unix socket.
[[0;32m  OK  [0m] Reached target Network is Online.
[[0;32m  OK  [0m] Reached target Remote File Systems (Pre).
[[0;32m  OK  [0m] Reached target Remote File Systems.
         Starting Availability of block devices...
[[0;32m  OK  [0m] Reached target Cloud-config availability.
[[0;32m  OK  [0m] Listening on Socket activation for snappy daemon.
[[0;32m  OK  [0m] Listening on LXD - unix socket.
[[0;32m  OK  [0m] Reached target Sockets.
[[0;32m  OK  [0m] Reached target Basic System.
         Starting Permit User Sessions...
[655]: |          . = = .|         Starting LSB: Record successful boot for GRUB...
[[0;32m  OK  [0m] Started D-Bus System Message Bus.

[   20.459351] cloud-init[655]: |         . .   . |
[   20.467971] cloud-init[655]: |          . ...  |
[   20.478232] cloud-init[655]: |           .. .. |
[   20.486906] cloud-init[655]: +----[SHA256]-----+
[   20.496001] cloud-init[655]: Generating public/private ecdsa key pair.
[   20.506585] cloud-init[655]: Your identification has been saved in /etc/ssh/ssh_host_ecdsa_key.
[   20.520021] cloud-init[655]: Your public key has been saved in /etc/ssh/ssh_host_ecdsa_key.pub.
[   20.535751] cloud-init[655]: The key fingerprint is:[[0;32m  OK  [0m] Started Deferred execution scheduler.

         Starting Snap Daemon...
[   20.566131] cloud-init[655]: SHA256:gf1F+7NDSTyuMx8LV6ECu4dw6zaCgR4NMqfpgyzLcM8 root@ubuntu-bionic[[0;32m  OK  [0m] Started irqbalance daemon.

         Starting Accounts Service...
[   20.599540] cloud-init[655]: The key's randomart image is:         Starting System Logging Service...

[   20.619966] [[0;32m  OK  [0m] Started FUSE filesystem for LXC.
cloud-init[655]: +---[ECDSA 256]---+
[   20.636195] cloud-init[655]: |            .    |
[   20.646306] cloud-init[655]: |       o   . o   |
[   20.657930] cloud-init[655]: |      . o.  o +. |
[   20.668098] cloud-init[655]: | o o     oo. +.o.|
[   20.678177] cloud-init[655]: |  * +  .So.. .* .|
[   20.693864] cloud-init[655]: | o o o  o + .o + |
[   20.705992] cloud-init[655]: |= o . o  + .= =  |
[   20.714353] cloud-init[655]: |== + . ..o.  * + |
[   20.722857] cloud-init[655]: |oo. E   o..   o  |
[   20.741442] cloud-init[655]: +----[SHA256]-----+
[   20.750817] cloud-init[655]: Generating public/private ed25519 key pair.
[   20.762135] cloud-init[655]: Your identification has been saved in /etc/ssh/ssh_host_ed25519_key.
[   20.774609] cloud-init[655]: Your public key has been saved in /etc/ssh/ssh_host_ed25519_key.pub.
[[0;32m  OK  [0m] Started Regular background program processing daemon.
[[0;32m  OK  [0m] Reached target Login Prompts (Pre).
[   20.803358]          Starting LSB: automatic crash report generation...
         Starting Virtualbox guest utils...
cloud-init         Starting LXD - container startup/shutdown...
[655]: The key fingerprint is:
[   20.825686] cloud-init[655]: SHA256:nCYTpNbLm5/YBQZNnU+4DmPwY2HEaEaZLnmZkq+LkDE root@ubuntu-bionic
[   20.837061] cloud-init[655]: The key's randomart image is:
[   20.846708] cloud-init[655]: +--[ED25519 256]--+
[   20.858177] cloud-init[655]: |     .o*o. o     |
[   20.880637] cloud-init[655]: |     +Bo+ + .    |
[   20.890109] cloud-init[655]: |    o*+*.. +     |
[   20.899090] cloud-init[655]: |   .=.==B.. .    |
[   20.908917] cloud-init[655]: |E    ==oS=       |         Starting Pollinate to seed the pseudo random number generator...

[   20.926823] cloud-init[655]: | +    .B ..      |
[   20.936800] cloud-init[655]: |o    .o   .      |
[   20.945265] cloud-init[655]: | . ..  + o       |         Starting Dispatcher daemon for systemd-networkd...

[   20.968641]          Starting Login Service...
cloud-init[655]: [[0;32m  OK  [0m] Started System Logging Service.
|  . ... +        |[[0;32m  OK  [0m] Started Availability of block devices.
[[0;32m  OK  [0m] Started Permit User Sessions.

[   21.007614] cloud-init[655]: +----[SHA256]-----+
         Starting Authorization Manager...
         Starting Hold until boot process finishes up...
         Starting Terminate Plymouth Boot Screen...
[[0;32m  OK  [0m] Started Hold until boot process finishes up.
         Starting Set console scheme...
[[0;32m  OK  [0m] Started Serial Getty on ttyS0.
[[0;32m  OK  [0m] Started Terminate Plymouth Boot Screen.
[[0;32m  OK  [0m] Started LSB: automatic crash report generation.
[[0;32m  OK  [0m] Started Login Service.
[[0;32m  OK  [0m] Started Set console scheme.
[[0;32m  OK  [0m] Created slice system-getty.slice.
[[0;32m  OK  [0m] Started Getty on tty1.
[[0;32m  OK  [0m] Reached target Login Prompts.
[[0;32m  OK  [0m] Started Unattended Upgrades Shutdown.
[[0;32m  OK  [0m] Started LSB: Record successful boot for GRUB.
[[0;32m  OK  [0m] Started Authorization Manager.
[[0;32m  OK  [0m] Started Accounts Service.
[[0;32m  OK  [0m] Started Virtualbox guest utils.
[[0;32m  OK  [0m] Started LXD - container startup/shutdown.
[[0;32m  OK  [0m] Started Dispatcher daemon for systemd-networkd.
[[0;32m  OK  [0m] Started Snap Daemon.
         Starting Wait until snapd is fully seeded...
         Starting Time & Date Service...
[[0;32m  OK  [0m] Started Time & Date Service.
[[0;32m  OK  [0m] Started Pollinate to seed the pseudo random number generator.
         Starting OpenBSD Secure Shell server...
[[0;32m  OK  [0m] Started OpenBSD Secure Shell server.
[[0;32m  OK  [0m] Created slice User Slice of vagrant.
         Starting User Manager for UID 1000...
[[0;32m  OK  [0m] Started Session 1 of user vagrant.
[[0;32m  OK  [0m] Started User Manager for UID 1000.

Ubuntu 18.04.6 LTS ubuntu-bionic ttyS0

ubuntu-bionic login: [   29.390172] cloud-init[1196]: Cloud-init v. 22.3.4-0ubuntu1~18.04.1 running 'modules:config' at Fri, 04 Nov 2022 15:23:00 +0000. Up 28.62 seconds.
ci-info: no authorized SSH keys fingerprints found for user ubuntu.
<14>Nov  4 15:23:02 cloud-init: #############################################################
<14>Nov  4 15:23:02 cloud-init: -----BEGIN SSH HOST KEY FINGERPRINTS-----
<14>Nov  4 15:23:02 cloud-init: 1024 SHA256:EFxOtxQpXpSf6u09AcuFVUS/afSDwkeH2jwXIR3VpRU root@ubuntu-bionic (DSA)
<14>Nov  4 15:23:02 cloud-init: 256 SHA256:gf1F+7NDSTyuMx8LV6ECu4dw6zaCgR4NMqfpgyzLcM8 root@ubuntu-bionic (ECDSA)
<14>Nov  4 15:23:02 cloud-init: 256 SHA256:nCYTpNbLm5/YBQZNnU+4DmPwY2HEaEaZLnmZkq+LkDE root@ubuntu-bionic (ED25519)
<14>Nov  4 15:23:02 cloud-init: 2048 SHA256:GrkAZWBdB4iHrkA5l3u92GcwWLPFmXBIEhtTnh3r+14 root@ubuntu-bionic (RSA)
<14>Nov  4 15:23:02 cloud-init: -----END SSH HOST KEY FINGERPRINTS-----
<14>Nov  4 15:23:02 cloud-init: #############################################################
-----BEGIN SSH HOST KEY KEYS-----
ecdsa-sha2-nistp256 AAAAE2VjZHNhLXNoYTItbmlzdHAyNTYAAAAIbmlzdHAyNTYAAABBBIWI6U425mWoHBqgEydO91O4ccu1lApxkE0lf1PddSZHqydn09J4Yl4eQsuM+wNrySz0KzPJdmpn7J4i/pUo2Mo= root@ubuntu-bionic
ssh-ed25519 AAAAC3NzaC1lZDI1NTE5AAAAICuHn8J9YK8bDTLN5yXiqYUV+YawPBbP5Wxr6nEM5x7/ root@ubuntu-bionic
ssh-rsa AAAAB3NzaC1yc2EAAAADAQABAAABAQC+VYKzawLiGfwzXJ/u1sGLaIHRFxeePWUfbYbrKmZ+Ho0P4TiTu4+RUINK2NMrzYHzS9hFlJ801wWJ+sROgMW9tQ72m6Vjk+hQLeJf7ZUvlVSh9hr+KmoFLoKuACUDTPj8lg2WsoXymXZbJ0dlZqbTfhJR/1VDLf1IFWsN/SW+NAdeALdRVRizuCexXJ0x2dtMtZB3m36KJeM+5zv/KDMG+Pvp49uc7ZuDEGVwjMo8UbML6lpU3QpqTtuNKpinPgLHjn/7f75MuDiXIwCD8V7aXkywFCZTl1+sgxOmINZ6OmfD67YCKSyLKMllzxZWxmDX9KrF1V59+MuR9dSzbwmR root@ubuntu-bionic
-----END SSH HOST KEY KEYS-----
[   30.674639] cloud-init[1328]: Cloud-init v. 22.3.4-0ubuntu1~18.04.1 running 'modules:final' at Fri, 04 Nov 2022 15:23:02 +0000. Up 30.29 seconds.
[   30.674859] cloud-init[1328]: Cloud-init v. 22.3.4-0ubuntu1~18.04.1 finished at Fri, 04 Nov 2022 15:23:02 +0000. Datasource DataSourceNoCloud [seed=/dev/sdb][dsmode=net].  Up 30.66 seconds
